<?xml version="1.0" encoding="UTF-8"?>
<testsuite xmlns:xsi="http://www.w3.org/2001/XMLSchema-instance" xsi:noNamespaceSchemaLocation="https://maven.apache.org/surefire/maven-surefire-plugin/xsd/surefire-test-report-3.0.xsd" version="3.0" name="BonLivraisonServletTest" time="2.768" tests="4" errors="0" skipped="0" failures="0">
  <properties>
[...]
</properties>
  <testcase name="testFind" classname="BonLivraisonServletTest" time="2.711"/>
  <testcase name="testDelete" classname="BonLivraisonServletTest" time="0.006"/>
  <testcase name="testInsert" classname="BonLivraisonServletTest" time="0.007"/>
  <testcase name="testUpdate" classname="BonLivraisonServletTest" time="0.006"/>
</testsuite>